<?xml version="1.0" encoding="UTF-8"?>
<testsuite xmlns:xsi="http://www.w3.org/2001/XMLSchema-instance" xsi:noNamespaceSchemaLocation="https://maven.apache.org/surefire/maven-surefire-plugin/xsd/surefire-test-report.xsd" version="3.0.2" name="com.nuevo.tareas.GestionTareasApplicationTests" time="2.818" tests="7" errors="0" skipped="0" failures="0">
  <properties>
[...]
</properties>
  <testcase name="testActualizarTarea" classname="com.nuevo.tareas.GestionTareasApplicationTests" time="0.411">
    <system-out><![CDATA[15:36:45.717 [main] INFO org.springframework.test.context.support.AnnotationConfigContextLoaderUtils -- Could not detect default configuration classes for test class [com.nuevo.tareas.GestionTareasApplicationTests]: GestionTareasApplicationTests does not declare any static, non-private, non-final, nested classes annotated with @Configuration.
15:36:45.753 [main] INFO org.springframework.boot.test.context.SpringBootTestContextBootstrapper -- Found @SpringBootConfiguration com.nuevo.tareas.GestionTareasApplication for test class com.nuevo.tareas.GestionTareasApplicationTests
15:36:45.807 [main] INFO org.springframework.boot.devtools.restart.RestartApplicationListener -- Restart disabled due to context in which it is running

  .   ____          _            __ _ _
 /\\ / ___'_ __ _ _(_)_ __  __ _ \ \ \ \
( ( )\___ | '_ | '_| | '_ \/ _` | \ \ \ \
 \\/  ___)| |_)| | | | | || (_| |  ) ) ) )
  '  |____| .__|_| |_|_| |_\__, | / / / /
 =========|_|==============|___/=/_/_/_/

 :: Spring Boot ::                (v3.4.3)

2025-03-09T15:36:45.903-03:00  INFO 40385 --- [           main] c.n.t.GestionTareasApplicationTests      : Starting GestionTareasApplicationTests using Java 17.0.14 with PID 40385 (started by jorgebarrigaquilodran in /Users/jorgebarrigaquilodran/Desarrollo/POC/java/spring-boot/gestion-tareas)
2025-03-09T15:36:45.903-03:00  INFO 40385 --- [           main] c.n.t.GestionTareasApplicationTests      : No active profile set, falling back to 1 default profile: "default"
2025-03-09T15:36:46.156-03:00  INFO 40385 --- [           main] .s.d.r.c.RepositoryConfigurationDelegate : Bootstrapping Spring Data JPA repositories in DEFAULT mode.
2025-03-09T15:36:46.178-03:00  INFO 40385 --- [           main] .s.d.r.c.RepositoryConfigurationDelegate : Finished Spring Data repository scanning in 18 ms. Found 3 JPA repository interfaces.
2025-03-09T15:36:46.328-03:00  INFO 40385 --- [           main] o.hibernate.jpa.internal.util.LogHelper  : HHH000204: Processing PersistenceUnitInfo [name: default]
2025-03-09T15:36:46.341-03:00  INFO 40385 --- [           main] org.hibernate.Version                    : HHH000412: Hibernate ORM core version 6.6.8.Final
2025-03-09T15:36:46.351-03:00  INFO 40385 --- [           main] o.h.c.internal.RegionFactoryInitiator    : HHH000026: Second-level cache disabled
2025-03-09T15:36:46.434-03:00  INFO 40385 --- [           main] o.s.o.j.p.SpringPersistenceUnitInfo      : No LoadTimeWeaver setup: ignoring JPA class transformer
2025-03-09T15:36:46.442-03:00  INFO 40385 --- [           main] com.zaxxer.hikari.HikariDataSource       : HikariPool-1 - Starting...
2025-03-09T15:36:46.501-03:00  INFO 40385 --- [           main] com.zaxxer.hikari.pool.HikariPool        : HikariPool-1 - Added connection conn0: url=jdbc:h2:mem:tareasdb user=SA
2025-03-09T15:36:46.501-03:00  INFO 40385 --- [           main] com.zaxxer.hikari.HikariDataSource       : HikariPool-1 - Start completed.
2025-03-09T15:36:46.508-03:00  WARN 40385 --- [           main] org.hibernate.orm.deprecation            : HHH90000025: H2Dialect does not need to be specified explicitly using 'hibernate.dialect' (remove the property setting and it will be selected by default)
2025-03-09T15:36:46.515-03:00  INFO 40385 --- [           main] org.hibernate.orm.connections.pooling    : HHH10001005: Database info:
	Database JDBC URL [Connecting through datasource 'HikariDataSource (HikariPool-1)']
	Database driver: undefined/unknown
	Database version: 2.3.232
	Autocommit mode: undefined/unknown
	Isolation level: undefined/unknown
	Minimum pool size: undefined/unknown
	Maximum pool size: undefined/unknown
2025-03-09T15:36:46.812-03:00  INFO 40385 --- [           main] o.h.e.t.j.p.i.JtaPlatformInitiator       : HHH000489: No JTA platform available (set 'hibernate.transaction.jta.platform' to enable JTA platform integration)
Hibernate: create table estados_tarea (id bigint generated by default as identity, nombre varchar(255) not null, primary key (id))
Hibernate: create table tareas (id bigint generated by default as identity, descripcion varchar(255) not null, fecha_creacion timestamp(6) not null, fecha_vencimiento timestamp(6) not null, titulo varchar(255) not null, estado_id bigint not null, usuario_id bigint, primary key (id))
Hibernate: create table usuarios (id bigint generated by default as identity, email varchar(255) not null, password varchar(255) not null, primary key (id))
Hibernate: alter table if exists estados_tarea drop constraint if exists UKgsd8544u2gc1aqm224m4jhbst
Hibernate: alter table if exists estados_tarea add constraint UKgsd8544u2gc1aqm224m4jhbst unique (nombre)
Hibernate: alter table if exists usuarios drop constraint if exists UKkfsp0s1tflm1cwlj8idhqsad0
Hibernate: alter table if exists usuarios add constraint UKkfsp0s1tflm1cwlj8idhqsad0 unique (email)
Hibernate: alter table if exists tareas add constraint FKb12pdhxq8kjxpdq1ukhm5hq0a foreign key (estado_id) references estados_tarea
Hibernate: alter table if exists tareas add constraint FKdmoaxl7yv4q6vkc9h32wvbddr foreign key (usuario_id) references usuarios
2025-03-09T15:36:46.836-03:00  INFO 40385 --- [           main] j.LocalContainerEntityManagerFactoryBean : Initialized JPA EntityManagerFactory for persistence unit 'default'
2025-03-09T15:36:46.979-03:00  WARN 40385 --- [           main] JpaBaseConfiguration$JpaWebConfiguration : spring.jpa.open-in-view is enabled by default. Therefore, database queries may be performed during view rendering. Explicitly configure spring.jpa.open-in-view to disable this warning
2025-03-09T15:36:47.126-03:00  INFO 40385 --- [           main] o.s.v.b.OptionalValidatorFactoryBean     : Failed to set up a Bean Validation provider: jakarta.validation.NoProviderFoundException: Unable to create a Configuration, because no Jakarta Bean Validation provider could be found. Add a provider like Hibernate Validator (RI) to your classpath.
2025-03-09T15:36:47.195-03:00  INFO 40385 --- [           main] o.s.b.a.h2.H2ConsoleAutoConfiguration    : H2 console available at '/h2-console'. Database available at 'jdbc:h2:mem:tareasdb'
2025-03-09T15:36:47.237-03:00  INFO 40385 --- [           main] o.s.b.t.m.w.SpringBootMockServletContext : Initializing Spring TestDispatcherServlet ''
2025-03-09T15:36:47.237-03:00  INFO 40385 --- [           main] o.s.t.web.servlet.TestDispatcherServlet  : Initializing Servlet ''
2025-03-09T15:36:47.238-03:00  INFO 40385 --- [           main] o.s.t.web.servlet.TestDispatcherServlet  : Completed initialization in 0 ms
2025-03-09T15:36:47.251-03:00  INFO 40385 --- [           main] c.n.t.GestionTareasApplicationTests      : Started GestionTareasApplicationTests in 1.448 seconds (process running for 1.785)
Hibernate: select count(*) from estados_tarea et1_0
Hibernate: insert into estados_tarea (nombre,id) values (?,default)
Hibernate: insert into estados_tarea (nombre,id) values (?,default)
Hibernate: insert into estados_tarea (nombre,id) values (?,default)
Hibernate: select count(*) from usuarios u1_0
Hibernate: insert into usuarios (email,password,id) values (?,?,default)
Usuario admin cargado desde configuración: admin@nuevo.com
Hibernate: select u1_0.id,u1_0.email,u1_0.password from usuarios u1_0 where u1_0.email=?
Hibernate: select u1_0.id,u1_0.email,u1_0.password from usuarios u1_0 where u1_0.id=?
Hibernate: select t1_0.usuario_id,t1_0.id,t1_0.descripcion,t1_0.estado_id,e1_0.id,e1_0.nombre,t1_0.fecha_creacion,t1_0.fecha_vencimiento,t1_0.titulo from tareas t1_0 left join estados_tarea e1_0 on e1_0.id=t1_0.estado_id where t1_0.usuario_id=?
Hibernate: delete from usuarios where id=?
Hibernate: insert into usuarios (email,password,id) values (?,?,default)
Hibernate: select u1_0.id,u1_0.email,u1_0.password from usuarios u1_0 where u1_0.email=?
Hibernate: select et1_0.id,et1_0.nombre from estados_tarea et1_0 where et1_0.nombre=?
Hibernate: insert into tareas (descripcion,estado_id,fecha_creacion,fecha_vencimiento,titulo,usuario_id,id) values (?,?,?,?,?,?,default)
Token recibido: eyJhbGciOiJIUzI1NiJ9.eyJzdWIiOiJhZG1pbkBudWV2by5jb20iLCJpYXQiOjE3NDE1NDU0MDcsImV4cCI6MTc0MTU0OTAwN30.ng7Ok_qRAOLcekwki71egeuMnxCdHILao83C0iDiAJk
Usuario autenticado: admin@nuevo.com
Hibernate: select u1_0.id,u1_0.email,u1_0.password from usuarios u1_0 where u1_0.email=?
Hibernate: select t1_0.id,t1_0.descripcion,t1_0.estado_id,e1_0.id,e1_0.nombre,t1_0.fecha_creacion,t1_0.fecha_vencimiento,t1_0.titulo,u1_0.id,u1_0.email,u1_0.password from tareas t1_0 join estados_tarea e1_0 on e1_0.id=t1_0.estado_id left join usuarios u1_0 on u1_0.id=t1_0.usuario_id where t1_0.id=?
Hibernate: update tareas set descripcion=?,estado_id=?,fecha_creacion=?,fecha_vencimiento=?,titulo=?,usuario_id=? where id=?
]]></system-out>
  </testcase>
  <testcase name="testLogin_Success" classname="com.nuevo.tareas.GestionTareasApplicationTests" time="0.141">
    <system-out><![CDATA[Hibernate: select u1_0.id,u1_0.email,u1_0.password from usuarios u1_0 where u1_0.email=?
Hibernate: select u1_0.id,u1_0.email,u1_0.password from usuarios u1_0 where u1_0.id=?
Hibernate: select t1_0.usuario_id,t1_0.id,t1_0.descripcion,t1_0.estado_id,e1_0.id,e1_0.nombre,t1_0.fecha_creacion,t1_0.fecha_vencimiento,t1_0.titulo from tareas t1_0 left join estados_tarea e1_0 on e1_0.id=t1_0.estado_id where t1_0.usuario_id=?
Hibernate: delete from tareas where id=?
Hibernate: delete from usuarios where id=?
Hibernate: insert into usuarios (email,password,id) values (?,?,default)
No se encontró un token en la solicitud.
Hibernate: select u1_0.id,u1_0.email,u1_0.password from usuarios u1_0 where u1_0.email=?
]]></system-out>
  </testcase>
  <testcase name="testCrearTarea" classname="com.nuevo.tareas.GestionTareasApplicationTests" time="0.074">
    <system-out><![CDATA[Hibernate: select u1_0.id,u1_0.email,u1_0.password from usuarios u1_0 where u1_0.email=?
Hibernate: select u1_0.id,u1_0.email,u1_0.password from usuarios u1_0 where u1_0.id=?
Hibernate: select t1_0.usuario_id,t1_0.id,t1_0.descripcion,t1_0.estado_id,e1_0.id,e1_0.nombre,t1_0.fecha_creacion,t1_0.fecha_vencimiento,t1_0.titulo from tareas t1_0 left join estados_tarea e1_0 on e1_0.id=t1_0.estado_id where t1_0.usuario_id=?
Hibernate: delete from usuarios where id=?
Hibernate: insert into usuarios (email,password,id) values (?,?,default)
Token recibido: eyJhbGciOiJIUzI1NiJ9.eyJzdWIiOiJhZG1pbkBudWV2by5jb20iLCJpYXQiOjE3NDE1NDU0MDgsImV4cCI6MTc0MTU0OTAwOH0.CIZSfXfBmvIk6ygz__eQXEWMNPxai-qMZCq7vgkLm78
Usuario autenticado: admin@nuevo.com
Hibernate: select u1_0.id,u1_0.email,u1_0.password from usuarios u1_0 where u1_0.email=?
Hibernate: select et1_0.id,et1_0.nombre from estados_tarea et1_0 where et1_0.nombre=?
Hibernate: insert into tareas (descripcion,estado_id,fecha_creacion,fecha_vencimiento,titulo,usuario_id,id) values (?,?,?,?,?,?,default)
]]></system-out>
  </testcase>
  <testcase name="testEliminarTarea" classname="com.nuevo.tareas.GestionTareasApplicationTests" time="0.075">
    <system-out><![CDATA[Hibernate: select u1_0.id,u1_0.email,u1_0.password from usuarios u1_0 where u1_0.email=?
Hibernate: select u1_0.id,u1_0.email,u1_0.password from usuarios u1_0 where u1_0.id=?
Hibernate: select t1_0.usuario_id,t1_0.id,t1_0.descripcion,t1_0.estado_id,e1_0.id,e1_0.nombre,t1_0.fecha_creacion,t1_0.fecha_vencimiento,t1_0.titulo from tareas t1_0 left join estados_tarea e1_0 on e1_0.id=t1_0.estado_id where t1_0.usuario_id=?
Hibernate: delete from tareas where id=?
Hibernate: delete from usuarios where id=?
Hibernate: insert into usuarios (email,password,id) values (?,?,default)
Hibernate: select u1_0.id,u1_0.email,u1_0.password from usuarios u1_0 where u1_0.email=?
Hibernate: select et1_0.id,et1_0.nombre from estados_tarea et1_0 where et1_0.nombre=?
Hibernate: insert into tareas (descripcion,estado_id,fecha_creacion,fecha_vencimiento,titulo,usuario_id,id) values (?,?,?,?,?,?,default)
Token recibido: eyJhbGciOiJIUzI1NiJ9.eyJzdWIiOiJhZG1pbkBudWV2by5jb20iLCJpYXQiOjE3NDE1NDU0MDgsImV4cCI6MTc0MTU0OTAwOH0.CIZSfXfBmvIk6ygz__eQXEWMNPxai-qMZCq7vgkLm78
Usuario autenticado: admin@nuevo.com
Hibernate: select u1_0.id,u1_0.email,u1_0.password from usuarios u1_0 where u1_0.email=?
Hibernate: select t1_0.id,t1_0.descripcion,t1_0.estado_id,e1_0.id,e1_0.nombre,t1_0.fecha_creacion,t1_0.fecha_vencimiento,t1_0.titulo,u1_0.id,u1_0.email,u1_0.password from tareas t1_0 join estados_tarea e1_0 on e1_0.id=t1_0.estado_id left join usuarios u1_0 on u1_0.id=t1_0.usuario_id where t1_0.id=?
Hibernate: delete from tareas where id=?
]]></system-out>
  </testcase>
  <testcase name="contextLoads" classname="com.nuevo.tareas.GestionTareasApplicationTests" time="0.069">
    <system-out><![CDATA[Hibernate: select u1_0.id,u1_0.email,u1_0.password from usuarios u1_0 where u1_0.email=?
Hibernate: select u1_0.id,u1_0.email,u1_0.password from usuarios u1_0 where u1_0.id=?
Hibernate: select t1_0.usuario_id,t1_0.id,t1_0.descripcion,t1_0.estado_id,e1_0.id,e1_0.nombre,t1_0.fecha_creacion,t1_0.fecha_vencimiento,t1_0.titulo from tareas t1_0 left join estados_tarea e1_0 on e1_0.id=t1_0.estado_id where t1_0.usuario_id=?
Hibernate: delete from usuarios where id=?
Hibernate: insert into usuarios (email,password,id) values (?,?,default)
]]></system-out>
  </testcase>
  <testcase name="testGetTareas" classname="com.nuevo.tareas.GestionTareasApplicationTests" time="0.078">
    <system-out><![CDATA[Hibernate: select u1_0.id,u1_0.email,u1_0.password from usuarios u1_0 where u1_0.email=?
Hibernate: select u1_0.id,u1_0.email,u1_0.password from usuarios u1_0 where u1_0.id=?
Hibernate: select t1_0.usuario_id,t1_0.id,t1_0.descripcion,t1_0.estado_id,e1_0.id,e1_0.nombre,t1_0.fecha_creacion,t1_0.fecha_vencimiento,t1_0.titulo from tareas t1_0 left join estados_tarea e1_0 on e1_0.id=t1_0.estado_id where t1_0.usuario_id=?
Hibernate: delete from usuarios where id=?
Hibernate: insert into usuarios (email,password,id) values (?,?,default)
Token recibido: eyJhbGciOiJIUzI1NiJ9.eyJzdWIiOiJhZG1pbkBudWV2by5jb20iLCJpYXQiOjE3NDE1NDU0MDgsImV4cCI6MTc0MTU0OTAwOH0.CIZSfXfBmvIk6ygz__eQXEWMNPxai-qMZCq7vgkLm78
Usuario autenticado: admin@nuevo.com
Hibernate: select u1_0.id,u1_0.email,u1_0.password from usuarios u1_0 where u1_0.email=?
Hibernate: select t1_0.id,t1_0.descripcion,t1_0.estado_id,t1_0.fecha_creacion,t1_0.fecha_vencimiento,t1_0.titulo,t1_0.usuario_id from tareas t1_0 left join usuarios u1_0 on u1_0.id=t1_0.usuario_id where u1_0.id=?
]]></system-out>
  </testcase>
  <testcase name="testLogin_Fail" classname="com.nuevo.tareas.GestionTareasApplicationTests" time="0.137">
    <system-out><![CDATA[Hibernate: select u1_0.id,u1_0.email,u1_0.password from usuarios u1_0 where u1_0.email=?
Hibernate: select u1_0.id,u1_0.email,u1_0.password from usuarios u1_0 where u1_0.id=?
Hibernate: select t1_0.usuario_id,t1_0.id,t1_0.descripcion,t1_0.estado_id,e1_0.id,e1_0.nombre,t1_0.fecha_creacion,t1_0.fecha_vencimiento,t1_0.titulo from tareas t1_0 left join estados_tarea e1_0 on e1_0.id=t1_0.estado_id where t1_0.usuario_id=?
Hibernate: delete from usuarios where id=?
Hibernate: insert into usuarios (email,password,id) values (?,?,default)
No se encontró un token en la solicitud.
Hibernate: select u1_0.id,u1_0.email,u1_0.password from usuarios u1_0 where u1_0.email=?
]]></system-out>
  </testcase>
</testsuite>